!SESSION 2015-01-14 13:08:56.563 -----------------------------------------------
eclipse.buildId=unknown
java.fullversion=JRE 1.7.0 IBM J9 2.6 Linux amd64-64 Compressed References 20130617_152572 (JIT enabled, AOT enabled)
J9VM - R26_Java726_SR5_20130617_1436_B152572
JIT  - r11.b04_20130528_38954ifx1
GC   - R26_Java726_SR5_20130617_1436_B152572_CMPRSS
J9CL - 20130617_152572
BootLoader constants: OS=linux, ARCH=x86_64, WS=gtk, NL=en_US
Command-line arguments:  -clean -nl en_US -configuration /home/obzzidian/Projects/AMMM/.metadata/workspace_oplrun

!ENTRY ilog.odms.ide.opllang 1 0 2015-01-14 13:08:56.564
!MESSAGE concert_wrap.IloInitMT

!ENTRY ilog.odms.ide.opllang.remote 1 0 2015-01-14 13:08:56.668
!MESSAGE Run small in /home/obzzidian/Projects/AMMM/CPLEX/project_ILP
!SESSION 2015-01-14 13:09:39.977 -----------------------------------------------
eclipse.buildId=unknown
java.fullversion=JRE 1.7.0 IBM J9 2.6 Linux amd64-64 Compressed References 20130617_152572 (JIT enabled, AOT enabled)
J9VM - R26_Java726_SR5_20130617_1436_B152572
JIT  - r11.b04_20130528_38954ifx1
GC   - R26_Java726_SR5_20130617_1436_B152572_CMPRSS
J9CL - 20130617_152572
BootLoader constants: OS=linux, ARCH=x86_64, WS=gtk, NL=en_US
Command-line arguments:  -clean -nl en_US -configuration /home/obzzidian/Projects/AMMM/.metadata/workspace_oplrun

!ENTRY ilog.odms.ide.opllang 1 0 2015-01-14 13:09:39.977
!MESSAGE concert_wrap.IloInitMT

!ENTRY ilog.odms.ide.opllang.remote 1 0 2015-01-14 13:09:40.087
!MESSAGE Run small in /home/obzzidian/Projects/AMMM/CPLEX/project_ILP

!ENTRY ilog.odms.ide.opllang.remote 4 0 2015-01-14 13:09:40.224
!MESSAGE run failed
!STACK 0
ilog.concert.IloException: Processing failed.
	at ilog.opl.opl_lang_wrapJNI.IloOplModel_getModel(Native Method)
	at ilog.opl.IloOplModel.getModel(IloOplModel.java:519)
	at ilog.odms.ide.opllang.run.IloAbstractRunShell.loadModel(IloAbstractRunShell.java:1219)
	at ilog.odms.ide.opllang.remote.IloOplRunConfigRunner.doProcessModel(IloOplRunConfigRunner.java:162)
	at ilog.odms.ide.opllang.remote.IloOplRunConfigRunner.doRun(IloOplRunConfigRunner.java:398)
	at ilog.odms.ide.opllang.run.IloAbstractRunShell$2.run(IloAbstractRunShell.java:1614)
	at org.eclipse.core.internal.jobs.Worker.run(Worker.java:53)
!SESSION 2015-01-14 13:09:51.469 -----------------------------------------------
eclipse.buildId=unknown
java.fullversion=JRE 1.7.0 IBM J9 2.6 Linux amd64-64 Compressed References 20130617_152572 (JIT enabled, AOT enabled)
J9VM - R26_Java726_SR5_20130617_1436_B152572
JIT  - r11.b04_20130528_38954ifx1
GC   - R26_Java726_SR5_20130617_1436_B152572_CMPRSS
J9CL - 20130617_152572
BootLoader constants: OS=linux, ARCH=x86_64, WS=gtk, NL=en_US
Command-line arguments:  -clean -nl en_US -configuration /home/obzzidian/Projects/AMMM/.metadata/workspace_oplrun

!ENTRY ilog.odms.ide.opllang 1 0 2015-01-14 13:09:51.469
!MESSAGE concert_wrap.IloInitMT

!ENTRY ilog.odms.ide.opllang.remote 1 0 2015-01-14 13:09:51.630
!MESSAGE Run small in /home/obzzidian/Projects/AMMM/CPLEX/project_ILP

!ENTRY ilog.odms.ide.opllang.remote 4 0 2015-01-14 13:09:51.753
!MESSAGE run failed
!STACK 0
ilog.concert.IloException: Processing failed.
	at ilog.opl.opl_lang_wrapJNI.IloOplModel_getModel(Native Method)
	at ilog.opl.IloOplModel.getModel(IloOplModel.java:519)
	at ilog.odms.ide.opllang.run.IloAbstractRunShell.loadModel(IloAbstractRunShell.java:1219)
	at ilog.odms.ide.opllang.remote.IloOplRunConfigRunner.doProcessModel(IloOplRunConfigRunner.java:162)
	at ilog.odms.ide.opllang.remote.IloOplRunConfigRunner.doRun(IloOplRunConfigRunner.java:398)
	at ilog.odms.ide.opllang.run.IloAbstractRunShell$2.run(IloAbstractRunShell.java:1614)
	at org.eclipse.core.internal.jobs.Worker.run(Worker.java:53)
!SESSION 2015-01-14 13:09:56.379 -----------------------------------------------
eclipse.buildId=unknown
java.fullversion=JRE 1.7.0 IBM J9 2.6 Linux amd64-64 Compressed References 20130617_152572 (JIT enabled, AOT enabled)
J9VM - R26_Java726_SR5_20130617_1436_B152572
JIT  - r11.b04_20130528_38954ifx1
GC   - R26_Java726_SR5_20130617_1436_B152572_CMPRSS
J9CL - 20130617_152572
BootLoader constants: OS=linux, ARCH=x86_64, WS=gtk, NL=en_US
Command-line arguments:  -clean -nl en_US -configuration /home/obzzidian/Projects/AMMM/.metadata/workspace_oplrun

!ENTRY ilog.odms.ide.opllang 1 0 2015-01-14 13:09:56.379
!MESSAGE concert_wrap.IloInitMT

!ENTRY ilog.odms.ide.opllang.remote 1 0 2015-01-14 13:09:56.606
!MESSAGE Run small in /home/obzzidian/Projects/AMMM/CPLEX/project_ILP
!SESSION 2015-01-14 13:11:46.598 -----------------------------------------------
eclipse.buildId=unknown
java.fullversion=JRE 1.7.0 IBM J9 2.6 Linux amd64-64 Compressed References 20130617_152572 (JIT enabled, AOT enabled)
J9VM - R26_Java726_SR5_20130617_1436_B152572
JIT  - r11.b04_20130528_38954ifx1
GC   - R26_Java726_SR5_20130617_1436_B152572_CMPRSS
J9CL - 20130617_152572
BootLoader constants: OS=linux, ARCH=x86_64, WS=gtk, NL=en_US
Command-line arguments:  -clean -nl en_US -configuration /home/obzzidian/Projects/AMMM/.metadata/workspace_oplrun

!ENTRY ilog.odms.ide.opllang 1 0 2015-01-14 13:11:46.598
!MESSAGE concert_wrap.IloInitMT

!ENTRY ilog.odms.ide.opllang.remote 1 0 2015-01-14 13:11:46.657
!MESSAGE Run small in /home/obzzidian/Projects/AMMM/CPLEX/project_ILP
!SESSION 2015-01-14 13:12:29.042 -----------------------------------------------
eclipse.buildId=unknown
java.fullversion=JRE 1.7.0 IBM J9 2.6 Linux amd64-64 Compressed References 20130617_152572 (JIT enabled, AOT enabled)
J9VM - R26_Java726_SR5_20130617_1436_B152572
JIT  - r11.b04_20130528_38954ifx1
GC   - R26_Java726_SR5_20130617_1436_B152572_CMPRSS
J9CL - 20130617_152572
BootLoader constants: OS=linux, ARCH=x86_64, WS=gtk, NL=en_US
Command-line arguments:  -clean -nl en_US -configuration /home/obzzidian/Projects/AMMM/.metadata/workspace_oplrun

!ENTRY ilog.odms.ide.opllang 1 0 2015-01-14 13:12:29.042
!MESSAGE concert_wrap.IloInitMT

!ENTRY ilog.odms.ide.opllang.remote 1 0 2015-01-14 13:12:29.292
!MESSAGE Run small in /home/obzzidian/Projects/AMMM/CPLEX/project_ILP
!SESSION 2015-01-14 13:12:42.842 -----------------------------------------------
eclipse.buildId=unknown
java.fullversion=JRE 1.7.0 IBM J9 2.6 Linux amd64-64 Compressed References 20130617_152572 (JIT enabled, AOT enabled)
J9VM - R26_Java726_SR5_20130617_1436_B152572
JIT  - r11.b04_20130528_38954ifx1
GC   - R26_Java726_SR5_20130617_1436_B152572_CMPRSS
J9CL - 20130617_152572
BootLoader constants: OS=linux, ARCH=x86_64, WS=gtk, NL=en_US
Command-line arguments:  -clean -nl en_US -configuration /home/obzzidian/Projects/AMMM/.metadata/workspace_oplrun

!ENTRY ilog.odms.ide.opllang 1 0 2015-01-14 13:12:42.842
!MESSAGE concert_wrap.IloInitMT

!ENTRY ilog.odms.ide.opllang.remote 1 0 2015-01-14 13:12:42.981
!MESSAGE Run small in /home/obzzidian/Projects/AMMM/CPLEX/project_ILP
!SESSION 2015-01-14 13:13:07.830 -----------------------------------------------
eclipse.buildId=unknown
java.fullversion=JRE 1.7.0 IBM J9 2.6 Linux amd64-64 Compressed References 20130617_152572 (JIT enabled, AOT enabled)
J9VM - R26_Java726_SR5_20130617_1436_B152572
JIT  - r11.b04_20130528_38954ifx1
GC   - R26_Java726_SR5_20130617_1436_B152572_CMPRSS
J9CL - 20130617_152572
BootLoader constants: OS=linux, ARCH=x86_64, WS=gtk, NL=en_US
Command-line arguments:  -clean -nl en_US -configuration /home/obzzidian/Projects/AMMM/.metadata/workspace_oplrun

!ENTRY ilog.odms.ide.opllang 1 0 2015-01-14 13:13:07.830
!MESSAGE concert_wrap.IloInitMT

!ENTRY ilog.odms.ide.opllang.remote 1 0 2015-01-14 13:13:07.958
!MESSAGE Run small in /home/obzzidian/Projects/AMMM/CPLEX/project_ILP
!SESSION 2015-01-14 14:49:33.385 -----------------------------------------------
eclipse.buildId=unknown
java.fullversion=JRE 1.7.0 IBM J9 2.6 Linux amd64-64 Compressed References 20130617_152572 (JIT enabled, AOT enabled)
J9VM - R26_Java726_SR5_20130617_1436_B152572
JIT  - r11.b04_20130528_38954ifx1
GC   - R26_Java726_SR5_20130617_1436_B152572_CMPRSS
J9CL - 20130617_152572
BootLoader constants: OS=linux, ARCH=x86_64, WS=gtk, NL=en_US
Command-line arguments:  -clean -nl en_US -configuration /home/obzzidian/Projects/AMMM/.metadata/workspace_oplrun

!ENTRY ilog.odms.ide.opllang 1 0 2015-01-14 14:49:33.385
!MESSAGE concert_wrap.IloInitMT

!ENTRY ilog.odms.ide.opllang.remote 1 0 2015-01-14 14:49:33.579
!MESSAGE Run small in /home/obzzidian/Projects/AMMM/CPLEX/project_ILP

!ENTRY ilog.odms.ide.opllang.remote 4 0 2015-01-14 14:49:33.781
!MESSAGE run failed
!STACK 0
ilog.concert.IloException: Processing failed.
	at ilog.opl.opl_lang_wrapJNI.IloOplModel_getModel(Native Method)
	at ilog.opl.IloOplModel.getModel(IloOplModel.java:519)
	at ilog.odms.ide.opllang.run.IloAbstractRunShell.loadModel(IloAbstractRunShell.java:1219)
	at ilog.odms.ide.opllang.remote.IloOplRunConfigRunner.doProcessModel(IloOplRunConfigRunner.java:162)
	at ilog.odms.ide.opllang.remote.IloOplRunConfigRunner.doRun(IloOplRunConfigRunner.java:398)
	at ilog.odms.ide.opllang.run.IloAbstractRunShell$2.run(IloAbstractRunShell.java:1614)
	at org.eclipse.core.internal.jobs.Worker.run(Worker.java:53)
!SESSION 2015-01-14 14:49:43.236 -----------------------------------------------
eclipse.buildId=unknown
java.fullversion=JRE 1.7.0 IBM J9 2.6 Linux amd64-64 Compressed References 20130617_152572 (JIT enabled, AOT enabled)
J9VM - R26_Java726_SR5_20130617_1436_B152572
JIT  - r11.b04_20130528_38954ifx1
GC   - R26_Java726_SR5_20130617_1436_B152572_CMPRSS
J9CL - 20130617_152572
BootLoader constants: OS=linux, ARCH=x86_64, WS=gtk, NL=en_US
Command-line arguments:  -clean -nl en_US -configuration /home/obzzidian/Projects/AMMM/.metadata/workspace_oplrun

!ENTRY ilog.odms.ide.opllang 1 0 2015-01-14 14:49:43.236
!MESSAGE concert_wrap.IloInitMT

!ENTRY ilog.odms.ide.opllang.remote 1 0 2015-01-14 14:49:43.290
!MESSAGE Run small in /home/obzzidian/Projects/AMMM/CPLEX/project_ILP
!SESSION 2015-01-14 14:50:01.101 -----------------------------------------------
eclipse.buildId=unknown
java.fullversion=JRE 1.7.0 IBM J9 2.6 Linux amd64-64 Compressed References 20130617_152572 (JIT enabled, AOT enabled)
J9VM - R26_Java726_SR5_20130617_1436_B152572
JIT  - r11.b04_20130528_38954ifx1
GC   - R26_Java726_SR5_20130617_1436_B152572_CMPRSS
J9CL - 20130617_152572
BootLoader constants: OS=linux, ARCH=x86_64, WS=gtk, NL=en_US
Command-line arguments:  -clean -nl en_US -configuration /home/obzzidian/Projects/AMMM/.metadata/workspace_oplrun

!ENTRY ilog.odms.ide.opllang 1 0 2015-01-14 14:50:01.101
!MESSAGE concert_wrap.IloInitMT

!ENTRY ilog.odms.ide.opllang.remote 1 0 2015-01-14 14:50:01.271
!MESSAGE Run small in /home/obzzidian/Projects/AMMM/CPLEX/project_ILP
!SESSION 2015-01-14 14:50:35.121 -----------------------------------------------
eclipse.buildId=unknown
java.fullversion=JRE 1.7.0 IBM J9 2.6 Linux amd64-64 Compressed References 20130617_152572 (JIT enabled, AOT enabled)
J9VM - R26_Java726_SR5_20130617_1436_B152572
JIT  - r11.b04_20130528_38954ifx1
GC   - R26_Java726_SR5_20130617_1436_B152572_CMPRSS
J9CL - 20130617_152572
BootLoader constants: OS=linux, ARCH=x86_64, WS=gtk, NL=en_US
Command-line arguments:  -clean -nl en_US -configuration /home/obzzidian/Projects/AMMM/.metadata/workspace_oplrun

!ENTRY ilog.odms.ide.opllang 1 0 2015-01-14 14:50:35.121
!MESSAGE concert_wrap.IloInitMT

!ENTRY ilog.odms.ide.opllang.remote 1 0 2015-01-14 14:50:35.323
!MESSAGE Run small in /home/obzzidian/Projects/AMMM/CPLEX/project_ILP
!SESSION 2015-01-14 14:52:13.652 -----------------------------------------------
eclipse.buildId=unknown
java.fullversion=JRE 1.7.0 IBM J9 2.6 Linux amd64-64 Compressed References 20130617_152572 (JIT enabled, AOT enabled)
J9VM - R26_Java726_SR5_20130617_1436_B152572
JIT  - r11.b04_20130528_38954ifx1
GC   - R26_Java726_SR5_20130617_1436_B152572_CMPRSS
J9CL - 20130617_152572
BootLoader constants: OS=linux, ARCH=x86_64, WS=gtk, NL=en_US
Command-line arguments:  -clean -nl en_US -configuration /home/obzzidian/Projects/AMMM/.metadata/workspace_oplrun

!ENTRY ilog.odms.ide.opllang 1 0 2015-01-14 14:52:13.652
!MESSAGE concert_wrap.IloInitMT

!ENTRY ilog.odms.ide.opllang.remote 1 0 2015-01-14 14:52:13.842
!MESSAGE Run small in /home/obzzidian/Projects/AMMM/CPLEX/project_ILP
!SESSION 2015-01-14 14:53:49.297 -----------------------------------------------
eclipse.buildId=unknown
java.fullversion=JRE 1.7.0 IBM J9 2.6 Linux amd64-64 Compressed References 20130617_152572 (JIT enabled, AOT enabled)
J9VM - R26_Java726_SR5_20130617_1436_B152572
JIT  - r11.b04_20130528_38954ifx1
GC   - R26_Java726_SR5_20130617_1436_B152572_CMPRSS
J9CL - 20130617_152572
BootLoader constants: OS=linux, ARCH=x86_64, WS=gtk, NL=en_US
Command-line arguments:  -clean -nl en_US -configuration /home/obzzidian/Projects/AMMM/.metadata/workspace_oplrun

!ENTRY ilog.odms.ide.opllang 1 0 2015-01-14 14:53:49.298
!MESSAGE concert_wrap.IloInitMT

!ENTRY ilog.odms.ide.opllang.remote 1 0 2015-01-14 14:53:49.540
!MESSAGE Run small in /home/obzzidian/Projects/AMMM/CPLEX/project_ILP
!SESSION 2015-01-14 17:34:40.626 -----------------------------------------------
eclipse.buildId=unknown
java.fullversion=JRE 1.7.0 IBM J9 2.6 Linux amd64-64 Compressed References 20130617_152572 (JIT enabled, AOT enabled)
J9VM - R26_Java726_SR5_20130617_1436_B152572
JIT  - r11.b04_20130528_38954ifx1
GC   - R26_Java726_SR5_20130617_1436_B152572_CMPRSS
J9CL - 20130617_152572
BootLoader constants: OS=linux, ARCH=x86_64, WS=gtk, NL=en_US
Command-line arguments:  -clean -nl en_US -configuration /home/obzzidian/Projects/AMMM/.metadata/workspace_oplrun

!ENTRY ilog.odms.ide.opllang 1 0 2015-01-14 17:34:40.626
!MESSAGE concert_wrap.IloInitMT

!ENTRY ilog.odms.ide.opllang.remote 1 0 2015-01-14 17:34:40.727
!MESSAGE Run small in /home/obzzidian/Projects/AMMM/CPLEX/project_ILP

!ENTRY ilog.odms.ide.opllang.remote 4 0 2015-01-16 00:42:55.114
!MESSAGE No OPL IDE for this oplrun

!ENTRY ilog.odms.ide.opllang 1 0 2015-01-16 00:42:56.138
!MESSAGE concert_wrap.IloEndMT
!SESSION 2015-01-16 02:47:34.922 -----------------------------------------------
eclipse.buildId=unknown
java.fullversion=JRE 1.7.0 IBM J9 2.6 Linux amd64-64 Compressed References 20130617_152572 (JIT enabled, AOT enabled)
J9VM - R26_Java726_SR5_20130617_1436_B152572
JIT  - r11.b04_20130528_38954ifx1
GC   - R26_Java726_SR5_20130617_1436_B152572_CMPRSS
J9CL - 20130617_152572
BootLoader constants: OS=linux, ARCH=x86_64, WS=gtk, NL=en_US
Command-line arguments:  -clean -nl en_US -configuration /home/obzzidian/Projects/AMMM/.metadata/workspace_oplrun

!ENTRY ilog.odms.ide.opllang 1 0 2015-01-16 02:47:34.922
!MESSAGE concert_wrap.IloInitMT

!ENTRY ilog.odms.ide.opllang.remote 1 0 2015-01-16 02:47:35.257
!MESSAGE Run small in /home/obzzidian/Projects/AMMM/CPLEX/project_ILP
!SESSION 2015-01-16 02:48:22.041 -----------------------------------------------
eclipse.buildId=unknown
java.fullversion=JRE 1.7.0 IBM J9 2.6 Linux amd64-64 Compressed References 20130617_152572 (JIT enabled, AOT enabled)
J9VM - R26_Java726_SR5_20130617_1436_B152572
JIT  - r11.b04_20130528_38954ifx1
GC   - R26_Java726_SR5_20130617_1436_B152572_CMPRSS
J9CL - 20130617_152572
BootLoader constants: OS=linux, ARCH=x86_64, WS=gtk, NL=en_US
Command-line arguments:  -clean -nl en_US -configuration /home/obzzidian/Projects/AMMM/.metadata/workspace_oplrun

!ENTRY ilog.odms.ide.opllang 1 0 2015-01-16 02:48:22.042
!MESSAGE concert_wrap.IloInitMT

!ENTRY ilog.odms.ide.opllang.remote 1 0 2015-01-16 02:48:22.218
!MESSAGE Run small in /home/obzzidian/Projects/AMMM/CPLEX/project_ILP

!ENTRY ilog.odms.ide.opllang.remote 4 0 2015-01-16 16:32:36.417
!MESSAGE No OPL IDE for this oplrun

!ENTRY ilog.odms.ide.opllang 1 0 2015-01-16 16:32:36.498
!MESSAGE concert_wrap.IloEndMT

!ENTRY org.eclipse.core.jobs 2 2 2015-01-16 16:32:37.119
!MESSAGE Job found still running after platform shutdown.  Jobs should be canceled by the plugin that scheduled them during shutdown: ilog.odms.ide.opllang.run.IloAbstractRunShell$2

!ENTRY org.eclipse.core.jobs 2 2 2015-01-16 16:32:37.121
!MESSAGE Job found still running after platform shutdown.  Jobs should be canceled by the plugin that scheduled them during shutdown: ilog.odms.ide.opllang.remote.IloOplRunConfigRunner

!ENTRY org.eclipse.core.jobs 2 2 2015-01-16 16:32:37.122
!MESSAGE Job found still running after platform shutdown.  Jobs should be canceled by the plugin that scheduled them during shutdown: ilog.odms.ide.opllang.remote.mbean.IloOplrunRemote$HeartBeatListenerJob
!SESSION 2015-01-16 16:32:52.663 -----------------------------------------------
eclipse.buildId=unknown
java.fullversion=JRE 1.7.0 IBM J9 2.6 Linux amd64-64 Compressed References 20130617_152572 (JIT enabled, AOT enabled)
J9VM - R26_Java726_SR5_20130617_1436_B152572
JIT  - r11.b04_20130528_38954ifx1
GC   - R26_Java726_SR5_20130617_1436_B152572_CMPRSS
J9CL - 20130617_152572
BootLoader constants: OS=linux, ARCH=x86_64, WS=gtk, NL=en_US
Command-line arguments:  -clean -nl en_US -configuration /home/obzzidian/Projects/AMMM/.metadata/workspace_oplrun

!ENTRY ilog.odms.ide.opllang 1 0 2015-01-16 16:32:52.664
!MESSAGE concert_wrap.IloInitMT

!ENTRY ilog.odms.ide.opllang.remote 1 0 2015-01-16 16:32:52.851
!MESSAGE Run small in /home/obzzidian/Projects/AMMM/CPLEX/project_ILP
!SESSION 2015-01-19 16:43:32.689 -----------------------------------------------
eclipse.buildId=unknown
java.fullversion=JRE 1.7.0 IBM J9 2.6 Linux amd64-64 Compressed References 20130617_152572 (JIT enabled, AOT enabled)
J9VM - R26_Java726_SR5_20130617_1436_B152572
JIT  - r11.b04_20130528_38954ifx1
GC   - R26_Java726_SR5_20130617_1436_B152572_CMPRSS
J9CL - 20130617_152572
BootLoader constants: OS=linux, ARCH=x86_64, WS=gtk, NL=en_US
Command-line arguments:  -clean -nl en_US -configuration /home/obzzidian/Projects/AMMM/.metadata/workspace_oplrun

!ENTRY ilog.odms.ide.opllang 1 0 2015-01-19 16:43:32.689
!MESSAGE concert_wrap.IloInitMT

!ENTRY ilog.odms.ide.opllang.remote 1 0 2015-01-19 16:43:32.974
!MESSAGE Run small in /home/obzzidian/Projects/AMMM/CPLEX/project_ILP
!SESSION 2015-01-19 16:43:57.418 -----------------------------------------------
eclipse.buildId=unknown
java.fullversion=JRE 1.7.0 IBM J9 2.6 Linux amd64-64 Compressed References 20130617_152572 (JIT enabled, AOT enabled)
J9VM - R26_Java726_SR5_20130617_1436_B152572
JIT  - r11.b04_20130528_38954ifx1
GC   - R26_Java726_SR5_20130617_1436_B152572_CMPRSS
J9CL - 20130617_152572
BootLoader constants: OS=linux, ARCH=x86_64, WS=gtk, NL=en_US
Command-line arguments:  -clean -nl en_US -configuration /home/obzzidian/Projects/AMMM/.metadata/workspace_oplrun

!ENTRY ilog.odms.ide.opllang 1 0 2015-01-19 16:43:57.418
!MESSAGE concert_wrap.IloInitMT

!ENTRY ilog.odms.ide.opllang.remote 1 0 2015-01-19 16:43:57.561
!MESSAGE Run small in /home/obzzidian/Projects/AMMM/CPLEX/project_ILP
!SESSION 2015-01-19 16:44:15.804 -----------------------------------------------
eclipse.buildId=unknown
java.fullversion=JRE 1.7.0 IBM J9 2.6 Linux amd64-64 Compressed References 20130617_152572 (JIT enabled, AOT enabled)
J9VM - R26_Java726_SR5_20130617_1436_B152572
JIT  - r11.b04_20130528_38954ifx1
GC   - R26_Java726_SR5_20130617_1436_B152572_CMPRSS
J9CL - 20130617_152572
BootLoader constants: OS=linux, ARCH=x86_64, WS=gtk, NL=en_US
Command-line arguments:  -clean -nl en_US -configuration /home/obzzidian/Projects/AMMM/.metadata/workspace_oplrun

!ENTRY ilog.odms.ide.opllang 1 0 2015-01-19 16:44:15.804
!MESSAGE concert_wrap.IloInitMT

!ENTRY ilog.odms.ide.opllang.remote 1 0 2015-01-19 16:44:16.021
!MESSAGE Run small in /home/obzzidian/Projects/AMMM/CPLEX/project_ILP
!SESSION 2015-01-19 17:01:53.174 -----------------------------------------------
eclipse.buildId=unknown
java.fullversion=JRE 1.7.0 IBM J9 2.6 Linux amd64-64 Compressed References 20130617_152572 (JIT enabled, AOT enabled)
J9VM - R26_Java726_SR5_20130617_1436_B152572
JIT  - r11.b04_20130528_38954ifx1
GC   - R26_Java726_SR5_20130617_1436_B152572_CMPRSS
J9CL - 20130617_152572
BootLoader constants: OS=linux, ARCH=x86_64, WS=gtk, NL=en_US
Command-line arguments:  -clean -nl en_US -configuration /home/obzzidian/Projects/AMMM/.metadata/workspace_oplrun

!ENTRY ilog.odms.ide.opllang 1 0 2015-01-19 17:01:53.174
!MESSAGE concert_wrap.IloInitMT

!ENTRY ilog.odms.ide.opllang.remote 1 0 2015-01-19 17:01:53.390
!MESSAGE Run small in /home/obzzidian/Projects/AMMM/CPLEX/project_ILP
!SESSION 2015-01-19 17:04:15.893 -----------------------------------------------
eclipse.buildId=unknown
java.fullversion=JRE 1.7.0 IBM J9 2.6 Linux amd64-64 Compressed References 20130617_152572 (JIT enabled, AOT enabled)
J9VM - R26_Java726_SR5_20130617_1436_B152572
JIT  - r11.b04_20130528_38954ifx1
GC   - R26_Java726_SR5_20130617_1436_B152572_CMPRSS
J9CL - 20130617_152572
BootLoader constants: OS=linux, ARCH=x86_64, WS=gtk, NL=en_US
Command-line arguments:  -clean -nl en_US -configuration /home/obzzidian/Projects/AMMM/.metadata/workspace_oplrun

!ENTRY ilog.odms.ide.opllang 1 0 2015-01-19 17:04:15.894
!MESSAGE concert_wrap.IloInitMT

!ENTRY ilog.odms.ide.opllang.remote 1 0 2015-01-19 17:04:16.174
!MESSAGE Run small in /home/obzzidian/Projects/AMMM/CPLEX/project_ILP
!SESSION 2015-01-19 17:04:50.894 -----------------------------------------------
eclipse.buildId=unknown
java.fullversion=JRE 1.7.0 IBM J9 2.6 Linux amd64-64 Compressed References 20130617_152572 (JIT enabled, AOT enabled)
J9VM - R26_Java726_SR5_20130617_1436_B152572
JIT  - r11.b04_20130528_38954ifx1
GC   - R26_Java726_SR5_20130617_1436_B152572_CMPRSS
J9CL - 20130617_152572
BootLoader constants: OS=linux, ARCH=x86_64, WS=gtk, NL=en_US
Command-line arguments:  -clean -nl en_US -configuration /home/obzzidian/Projects/AMMM/.metadata/workspace_oplrun

!ENTRY ilog.odms.ide.opllang 1 0 2015-01-19 17:04:50.894
!MESSAGE concert_wrap.IloInitMT

!ENTRY ilog.odms.ide.opllang.remote 1 0 2015-01-19 17:04:51.048
!MESSAGE Run small in /home/obzzidian/Projects/AMMM/CPLEX/project_ILP

!ENTRY ilog.odms.ide.opllang.remote 4 0 2015-01-19 17:50:35.272
!MESSAGE run failed
!STACK 0
ilog.concert.IloException: Processing aborted.
	at ilog.opl.opl_lang_wrapJNI.IloOplErrorHandlerWrapper_superOk(Native Method)
	at ilog.opl.IloOplErrorHandlerWrapper.superOk(IloOplErrorHandlerWrapper.java:86)
	at ilog.opl.IloCustomOplErrorHandler.customOk(IloCustomOplErrorHandler.java:78)
	at ilog.opl.IloCustomOplErrorHandler$MyEH.ok(IloCustomOplErrorHandler.java:35)
	at ilog.opl.opl_lang_wrapJNI.SwigDirector_IloOplErrorHandlerWrapper_ok(opl_lang_wrapJNI.java:1066)
	at ilog.opl.opl_lang_wrapJNI.IloOplErrorHandler_ok(Native Method)
	at ilog.opl.IloOplErrorHandler.ok(IloOplErrorHandler.java:122)
	at ilog.odms.ide.opllang.remote.IloOplRunConfigRunner.doProcessSimpleCplex(IloOplRunConfigRunner.java:289)
	at ilog.odms.ide.opllang.remote.IloOplRunConfigRunner.doProcessSimple(IloOplRunConfigRunner.java:183)
	at ilog.odms.ide.opllang.remote.IloOplRunConfigRunner.doProcessModel(IloOplRunConfigRunner.java:169)
	at ilog.odms.ide.opllang.remote.IloOplRunConfigRunner.doRun(IloOplRunConfigRunner.java:398)
	at ilog.odms.ide.opllang.run.IloAbstractRunShell$2.run(IloAbstractRunShell.java:1614)
	at org.eclipse.core.internal.jobs.Worker.run(Worker.java:53)
!SESSION 2015-01-19 17:50:41.850 -----------------------------------------------
eclipse.buildId=unknown
java.fullversion=JRE 1.7.0 IBM J9 2.6 Linux amd64-64 Compressed References 20130617_152572 (JIT enabled, AOT enabled)
J9VM - R26_Java726_SR5_20130617_1436_B152572
JIT  - r11.b04_20130528_38954ifx1
GC   - R26_Java726_SR5_20130617_1436_B152572_CMPRSS
J9CL - 20130617_152572
BootLoader constants: OS=linux, ARCH=x86_64, WS=gtk, NL=en_US
Command-line arguments:  -clean -nl en_US -configuration /home/obzzidian/Projects/AMMM/.metadata/workspace_oplrun

!ENTRY ilog.odms.ide.opllang 1 0 2015-01-19 17:50:41.850
!MESSAGE concert_wrap.IloInitMT

!ENTRY ilog.odms.ide.opllang.remote 1 0 2015-01-19 17:50:42.012
!MESSAGE Run small in /home/obzzidian/Projects/AMMM/CPLEX/project_ILP
!SESSION 2015-01-19 18:22:08.850 -----------------------------------------------
eclipse.buildId=unknown
java.fullversion=JRE 1.7.0 IBM J9 2.6 Linux amd64-64 Compressed References 20130617_152572 (JIT enabled, AOT enabled)
J9VM - R26_Java726_SR5_20130617_1436_B152572
JIT  - r11.b04_20130528_38954ifx1
GC   - R26_Java726_SR5_20130617_1436_B152572_CMPRSS
J9CL - 20130617_152572
BootLoader constants: OS=linux, ARCH=x86_64, WS=gtk, NL=en_US
Command-line arguments:  -clean -nl en_US -configuration /home/obzzidian/Projects/AMMM/.metadata/workspace_oplrun

!ENTRY ilog.odms.ide.opllang 1 0 2015-01-19 18:22:08.850
!MESSAGE concert_wrap.IloInitMT

!ENTRY ilog.odms.ide.opllang.remote 1 0 2015-01-19 18:22:09.026
!MESSAGE Run small in /home/obzzidian/Projects/AMMM/CPLEX/project_ILP
!SESSION 2015-01-19 18:23:23.031 -----------------------------------------------
eclipse.buildId=unknown
java.fullversion=JRE 1.7.0 IBM J9 2.6 Linux amd64-64 Compressed References 20130617_152572 (JIT enabled, AOT enabled)
J9VM - R26_Java726_SR5_20130617_1436_B152572
JIT  - r11.b04_20130528_38954ifx1
GC   - R26_Java726_SR5_20130617_1436_B152572_CMPRSS
J9CL - 20130617_152572
BootLoader constants: OS=linux, ARCH=x86_64, WS=gtk, NL=en_US
Command-line arguments:  -clean -nl en_US -configuration /home/obzzidian/Projects/AMMM/.metadata/workspace_oplrun

!ENTRY ilog.odms.ide.opllang 1 0 2015-01-19 18:23:23.031
!MESSAGE concert_wrap.IloInitMT

!ENTRY ilog.odms.ide.opllang.remote 1 0 2015-01-19 18:23:23.193
!MESSAGE Run small in /home/obzzidian/Projects/AMMM/CPLEX/project_ILP

!ENTRY ilog.odms.ide.opllang.remote 4 0 2015-01-19 18:23:23.308
!MESSAGE run failed
!STACK 0
ilog.concert.IloException: Processing failed.
	at ilog.opl.opl_lang_wrapJNI.IloOplModel_getModel(Native Method)
	at ilog.opl.IloOplModel.getModel(IloOplModel.java:519)
	at ilog.odms.ide.opllang.run.IloAbstractRunShell.loadModel(IloAbstractRunShell.java:1219)
	at ilog.odms.ide.opllang.remote.IloOplRunConfigRunner.doProcessModel(IloOplRunConfigRunner.java:162)
	at ilog.odms.ide.opllang.remote.IloOplRunConfigRunner.doRun(IloOplRunConfigRunner.java:398)
	at ilog.odms.ide.opllang.run.IloAbstractRunShell$2.run(IloAbstractRunShell.java:1614)
	at org.eclipse.core.internal.jobs.Worker.run(Worker.java:53)
!SESSION 2015-01-19 18:23:37.304 -----------------------------------------------
eclipse.buildId=unknown
java.fullversion=JRE 1.7.0 IBM J9 2.6 Linux amd64-64 Compressed References 20130617_152572 (JIT enabled, AOT enabled)
J9VM - R26_Java726_SR5_20130617_1436_B152572
JIT  - r11.b04_20130528_38954ifx1
GC   - R26_Java726_SR5_20130617_1436_B152572_CMPRSS
J9CL - 20130617_152572
BootLoader constants: OS=linux, ARCH=x86_64, WS=gtk, NL=en_US
Command-line arguments:  -clean -nl en_US -configuration /home/obzzidian/Projects/AMMM/.metadata/workspace_oplrun

!ENTRY ilog.odms.ide.opllang 1 0 2015-01-19 18:23:37.304
!MESSAGE concert_wrap.IloInitMT

!ENTRY ilog.odms.ide.opllang.remote 1 0 2015-01-19 18:23:37.523
!MESSAGE Run small in /home/obzzidian/Projects/AMMM/CPLEX/project_ILP
!SESSION 2015-01-19 18:23:57.032 -----------------------------------------------
eclipse.buildId=unknown
java.fullversion=JRE 1.7.0 IBM J9 2.6 Linux amd64-64 Compressed References 20130617_152572 (JIT enabled, AOT enabled)
J9VM - R26_Java726_SR5_20130617_1436_B152572
JIT  - r11.b04_20130528_38954ifx1
GC   - R26_Java726_SR5_20130617_1436_B152572_CMPRSS
J9CL - 20130617_152572
BootLoader constants: OS=linux, ARCH=x86_64, WS=gtk, NL=en_US
Command-line arguments:  -clean -nl en_US -configuration /home/obzzidian/Projects/AMMM/.metadata/workspace_oplrun

!ENTRY ilog.odms.ide.opllang 1 0 2015-01-19 18:23:57.032
!MESSAGE concert_wrap.IloInitMT

!ENTRY ilog.odms.ide.opllang.remote 1 0 2015-01-19 18:23:57.206
!MESSAGE Run small in /home/obzzidian/Projects/AMMM/CPLEX/project_ILP
!SESSION 2015-01-20 11:32:53.884 -----------------------------------------------
eclipse.buildId=unknown
java.fullversion=JRE 1.7.0 IBM J9 2.6 Linux amd64-64 Compressed References 20130617_152572 (JIT enabled, AOT enabled)
J9VM - R26_Java726_SR5_20130617_1436_B152572
JIT  - r11.b04_20130528_38954ifx1
GC   - R26_Java726_SR5_20130617_1436_B152572_CMPRSS
J9CL - 20130617_152572
BootLoader constants: OS=linux, ARCH=x86_64, WS=gtk, NL=en_US
Command-line arguments:  -clean -nl en_US -configuration /home/obzzidian/Projects/AMMM/.metadata/workspace_oplrun

!ENTRY ilog.odms.ide.opllang 1 0 2015-01-20 11:32:53.884
!MESSAGE concert_wrap.IloInitMT

!ENTRY ilog.odms.ide.opllang.remote 1 0 2015-01-20 11:32:53.980
!MESSAGE Run small in /home/obzzidian/Projects/AMMM/CPLEX/project_ILP

!ENTRY ilog.odms.ide.opllang.remote 4 0 2015-01-20 11:56:28.166
!MESSAGE run failed
!STACK 0
ilog.concert.IloException: Processing aborted.
	at ilog.opl.opl_lang_wrapJNI.IloOplErrorHandlerWrapper_superOk(Native Method)
	at ilog.opl.IloOplErrorHandlerWrapper.superOk(IloOplErrorHandlerWrapper.java:86)
	at ilog.opl.IloCustomOplErrorHandler.customOk(IloCustomOplErrorHandler.java:78)
	at ilog.opl.IloCustomOplErrorHandler$MyEH.ok(IloCustomOplErrorHandler.java:35)
	at ilog.opl.opl_lang_wrapJNI.SwigDirector_IloOplErrorHandlerWrapper_ok(opl_lang_wrapJNI.java:1066)
	at ilog.opl.opl_lang_wrapJNI.IloOplErrorHandler_ok(Native Method)
	at ilog.opl.IloOplErrorHandler.ok(IloOplErrorHandler.java:122)
	at ilog.odms.ide.opllang.remote.IloOplRunConfigRunner.doProcessSimpleCplex(IloOplRunConfigRunner.java:289)
	at ilog.odms.ide.opllang.remote.IloOplRunConfigRunner.doProcessSimple(IloOplRunConfigRunner.java:183)
	at ilog.odms.ide.opllang.remote.IloOplRunConfigRunner.doProcessModel(IloOplRunConfigRunner.java:169)
	at ilog.odms.ide.opllang.remote.IloOplRunConfigRunner.doRun(IloOplRunConfigRunner.java:398)
	at ilog.odms.ide.opllang.run.IloAbstractRunShell$2.run(IloAbstractRunShell.java:1614)
	at org.eclipse.core.internal.jobs.Worker.run(Worker.java:53)
!SESSION 2015-01-20 11:56:42.799 -----------------------------------------------
eclipse.buildId=unknown
java.fullversion=JRE 1.7.0 IBM J9 2.6 Linux amd64-64 Compressed References 20130617_152572 (JIT enabled, AOT enabled)
J9VM - R26_Java726_SR5_20130617_1436_B152572
JIT  - r11.b04_20130528_38954ifx1
GC   - R26_Java726_SR5_20130617_1436_B152572_CMPRSS
J9CL - 20130617_152572
BootLoader constants: OS=linux, ARCH=x86_64, WS=gtk, NL=en_US
Command-line arguments:  -clean -nl en_US -configuration /home/obzzidian/Projects/AMMM/.metadata/workspace_oplrun

!ENTRY ilog.odms.ide.opllang 1 0 2015-01-20 11:56:42.800
!MESSAGE concert_wrap.IloInitMT

!ENTRY ilog.odms.ide.opllang.remote 1 0 2015-01-20 11:56:43.014
!MESSAGE Run small in /home/obzzidian/Projects/AMMM/CPLEX/project_ILP

!ENTRY ilog.odms.ide.opllang.remote 4 0 2015-01-20 12:20:06.674
!MESSAGE run failed
!STACK 0
ilog.concert.IloException: Processing aborted.
	at ilog.opl.opl_lang_wrapJNI.IloOplErrorHandlerWrapper_superOk(Native Method)
	at ilog.opl.IloOplErrorHandlerWrapper.superOk(IloOplErrorHandlerWrapper.java:86)
	at ilog.opl.IloCustomOplErrorHandler.customOk(IloCustomOplErrorHandler.java:78)
	at ilog.opl.IloCustomOplErrorHandler$MyEH.ok(IloCustomOplErrorHandler.java:35)
	at ilog.opl.opl_lang_wrapJNI.SwigDirector_IloOplErrorHandlerWrapper_ok(opl_lang_wrapJNI.java:1066)
	at ilog.opl.opl_lang_wrapJNI.IloOplErrorHandler_ok(Native Method)
	at ilog.opl.IloOplErrorHandler.ok(IloOplErrorHandler.java:122)
	at ilog.odms.ide.opllang.remote.IloOplRunConfigRunner.doProcessSimpleCplex(IloOplRunConfigRunner.java:289)
	at ilog.odms.ide.opllang.remote.IloOplRunConfigRunner.doProcessSimple(IloOplRunConfigRunner.java:183)
	at ilog.odms.ide.opllang.remote.IloOplRunConfigRunner.doProcessModel(IloOplRunConfigRunner.java:169)
	at ilog.odms.ide.opllang.remote.IloOplRunConfigRunner.doRun(IloOplRunConfigRunner.java:398)
	at ilog.odms.ide.opllang.run.IloAbstractRunShell$2.run(IloAbstractRunShell.java:1614)
	at org.eclipse.core.internal.jobs.Worker.run(Worker.java:53)
!SESSION 2015-01-20 12:20:11.138 -----------------------------------------------
eclipse.buildId=unknown
java.fullversion=JRE 1.7.0 IBM J9 2.6 Linux amd64-64 Compressed References 20130617_152572 (JIT enabled, AOT enabled)
J9VM - R26_Java726_SR5_20130617_1436_B152572
JIT  - r11.b04_20130528_38954ifx1
GC   - R26_Java726_SR5_20130617_1436_B152572_CMPRSS
J9CL - 20130617_152572
BootLoader constants: OS=linux, ARCH=x86_64, WS=gtk, NL=en_US
Command-line arguments:  -clean -nl en_US -configuration /home/obzzidian/Projects/AMMM/.metadata/workspace_oplrun

!ENTRY ilog.odms.ide.opllang 1 0 2015-01-20 12:20:11.139
!MESSAGE concert_wrap.IloInitMT

!ENTRY ilog.odms.ide.opllang.remote 1 0 2015-01-20 12:20:11.233
!MESSAGE Run small in /home/obzzidian/Projects/AMMM/CPLEX/project_ILP
!SESSION 2015-01-20 12:55:17.400 -----------------------------------------------
eclipse.buildId=unknown
java.fullversion=JRE 1.7.0 IBM J9 2.6 Linux amd64-64 Compressed References 20130617_152572 (JIT enabled, AOT enabled)
J9VM - R26_Java726_SR5_20130617_1436_B152572
JIT  - r11.b04_20130528_38954ifx1
GC   - R26_Java726_SR5_20130617_1436_B152572_CMPRSS
J9CL - 20130617_152572
BootLoader constants: OS=linux, ARCH=x86_64, WS=gtk, NL=en_US
Command-line arguments:  -clean -nl en_US -configuration /home/obzzidian/Projects/AMMM/.metadata/workspace_oplrun

!ENTRY ilog.odms.ide.opllang 1 0 2015-01-20 12:55:17.400
!MESSAGE concert_wrap.IloInitMT

!ENTRY ilog.odms.ide.opllang.remote 1 0 2015-01-20 12:55:17.497
!MESSAGE Run small in /home/obzzidian/Projects/AMMM/CPLEX/project_ILP

!ENTRY ilog.odms.ide.opllang.remote 4 0 2015-01-20 12:56:47.294
!MESSAGE run failed
!STACK 0
ilog.concert.IloException: Processing aborted.
	at ilog.opl.opl_lang_wrapJNI.IloOplErrorHandlerWrapper_superOk(Native Method)
	at ilog.opl.IloOplErrorHandlerWrapper.superOk(IloOplErrorHandlerWrapper.java:86)
	at ilog.opl.IloCustomOplErrorHandler.customOk(IloCustomOplErrorHandler.java:78)
	at ilog.opl.IloCustomOplErrorHandler$MyEH.ok(IloCustomOplErrorHandler.java:35)
	at ilog.opl.opl_lang_wrapJNI.SwigDirector_IloOplErrorHandlerWrapper_ok(opl_lang_wrapJNI.java:1066)
	at ilog.opl.opl_lang_wrapJNI.IloOplErrorHandler_ok(Native Method)
	at ilog.opl.IloOplErrorHandler.ok(IloOplErrorHandler.java:122)
	at ilog.odms.ide.opllang.remote.IloOplRunConfigRunner.doProcessSimpleCplex(IloOplRunConfigRunner.java:289)
	at ilog.odms.ide.opllang.remote.IloOplRunConfigRunner.doProcessSimple(IloOplRunConfigRunner.java:183)
	at ilog.odms.ide.opllang.remote.IloOplRunConfigRunner.doProcessModel(IloOplRunConfigRunner.java:169)
	at ilog.odms.ide.opllang.remote.IloOplRunConfigRunner.doRun(IloOplRunConfigRunner.java:398)
	at ilog.odms.ide.opllang.run.IloAbstractRunShell$2.run(IloAbstractRunShell.java:1614)
	at org.eclipse.core.internal.jobs.Worker.run(Worker.java:53)
!SESSION 2015-01-20 12:56:52.709 -----------------------------------------------
eclipse.buildId=unknown
java.fullversion=JRE 1.7.0 IBM J9 2.6 Linux amd64-64 Compressed References 20130617_152572 (JIT enabled, AOT enabled)
J9VM - R26_Java726_SR5_20130617_1436_B152572
JIT  - r11.b04_20130528_38954ifx1
GC   - R26_Java726_SR5_20130617_1436_B152572_CMPRSS
J9CL - 20130617_152572
BootLoader constants: OS=linux, ARCH=x86_64, WS=gtk, NL=en_US
Command-line arguments:  -clean -nl en_US -configuration /home/obzzidian/Projects/AMMM/.metadata/workspace_oplrun

!ENTRY ilog.odms.ide.opllang 1 0 2015-01-20 12:56:52.710
!MESSAGE concert_wrap.IloInitMT

!ENTRY ilog.odms.ide.opllang.remote 1 0 2015-01-20 12:56:52.897
!MESSAGE Run small in /home/obzzidian/Projects/AMMM/CPLEX/project_ILP
!SESSION 2015-01-20 13:00:36.058 -----------------------------------------------
eclipse.buildId=unknown
java.fullversion=JRE 1.7.0 IBM J9 2.6 Linux amd64-64 Compressed References 20130617_152572 (JIT enabled, AOT enabled)
J9VM - R26_Java726_SR5_20130617_1436_B152572
JIT  - r11.b04_20130528_38954ifx1
GC   - R26_Java726_SR5_20130617_1436_B152572_CMPRSS
J9CL - 20130617_152572
BootLoader constants: OS=linux, ARCH=x86_64, WS=gtk, NL=en_US
Command-line arguments:  -clean -nl en_US -configuration /home/obzzidian/Projects/AMMM/.metadata/workspace_oplrun

!ENTRY ilog.odms.ide.opllang 1 0 2015-01-20 13:00:36.058
!MESSAGE concert_wrap.IloInitMT

!ENTRY ilog.odms.ide.opllang.remote 1 0 2015-01-20 13:00:36.160
!MESSAGE Run small in /home/obzzidian/Projects/AMMM/CPLEX/project_ILP
!SESSION 2015-01-20 13:01:01.553 -----------------------------------------------
eclipse.buildId=unknown
java.fullversion=JRE 1.7.0 IBM J9 2.6 Linux amd64-64 Compressed References 20130617_152572 (JIT enabled, AOT enabled)
J9VM - R26_Java726_SR5_20130617_1436_B152572
JIT  - r11.b04_20130528_38954ifx1
GC   - R26_Java726_SR5_20130617_1436_B152572_CMPRSS
J9CL - 20130617_152572
BootLoader constants: OS=linux, ARCH=x86_64, WS=gtk, NL=en_US
Command-line arguments:  -clean -nl en_US -configuration /home/obzzidian/Projects/AMMM/.metadata/workspace_oplrun

!ENTRY ilog.odms.ide.opllang 1 0 2015-01-20 13:01:01.553
!MESSAGE concert_wrap.IloInitMT

!ENTRY ilog.odms.ide.opllang.remote 1 0 2015-01-20 13:01:01.725
!MESSAGE Run small in /home/obzzidian/Projects/AMMM/CPLEX/project_ILP
!SESSION 2015-01-20 13:01:31.591 -----------------------------------------------
eclipse.buildId=unknown
java.fullversion=JRE 1.7.0 IBM J9 2.6 Linux amd64-64 Compressed References 20130617_152572 (JIT enabled, AOT enabled)
J9VM - R26_Java726_SR5_20130617_1436_B152572
JIT  - r11.b04_20130528_38954ifx1
GC   - R26_Java726_SR5_20130617_1436_B152572_CMPRSS
J9CL - 20130617_152572
BootLoader constants: OS=linux, ARCH=x86_64, WS=gtk, NL=en_US
Command-line arguments:  -clean -nl en_US -configuration /home/obzzidian/Projects/AMMM/.metadata/workspace_oplrun

!ENTRY ilog.odms.ide.opllang 1 0 2015-01-20 13:01:31.592
!MESSAGE concert_wrap.IloInitMT

!ENTRY ilog.odms.ide.opllang.remote 1 0 2015-01-20 13:01:31.742
!MESSAGE Run small in /home/obzzidian/Projects/AMMM/CPLEX/project_ILP
!SESSION 2015-01-20 13:05:32.518 -----------------------------------------------
eclipse.buildId=unknown
java.fullversion=JRE 1.7.0 IBM J9 2.6 Linux amd64-64 Compressed References 20130617_152572 (JIT enabled, AOT enabled)
J9VM - R26_Java726_SR5_20130617_1436_B152572
JIT  - r11.b04_20130528_38954ifx1
GC   - R26_Java726_SR5_20130617_1436_B152572_CMPRSS
J9CL - 20130617_152572
BootLoader constants: OS=linux, ARCH=x86_64, WS=gtk, NL=en_US
Command-line arguments:  -clean -nl en_US -configuration /home/obzzidian/Projects/AMMM/.metadata/workspace_oplrun

!ENTRY ilog.odms.ide.opllang 1 0 2015-01-20 13:05:32.518
!MESSAGE concert_wrap.IloInitMT

!ENTRY ilog.odms.ide.opllang.remote 1 0 2015-01-20 13:05:32.768
!MESSAGE Run small in /home/obzzidian/Projects/AMMM/CPLEX/project_ILP
!SESSION 2015-01-20 13:05:42.099 -----------------------------------------------
eclipse.buildId=unknown
java.fullversion=JRE 1.7.0 IBM J9 2.6 Linux amd64-64 Compressed References 20130617_152572 (JIT enabled, AOT enabled)
J9VM - R26_Java726_SR5_20130617_1436_B152572
JIT  - r11.b04_20130528_38954ifx1
GC   - R26_Java726_SR5_20130617_1436_B152572_CMPRSS
J9CL - 20130617_152572
BootLoader constants: OS=linux, ARCH=x86_64, WS=gtk, NL=en_US
Command-line arguments:  -clean -nl en_US -configuration /home/obzzidian/Projects/AMMM/.metadata/workspace_oplrun

!ENTRY ilog.odms.ide.opllang 1 0 2015-01-20 13:05:42.099
!MESSAGE concert_wrap.IloInitMT

!ENTRY ilog.odms.ide.opllang.remote 1 0 2015-01-20 13:05:42.326
!MESSAGE Run small in /home/obzzidian/Projects/AMMM/CPLEX/project_ILP
!SESSION 2015-01-20 13:06:25.847 -----------------------------------------------
eclipse.buildId=unknown
java.fullversion=JRE 1.7.0 IBM J9 2.6 Linux amd64-64 Compressed References 20130617_152572 (JIT enabled, AOT enabled)
J9VM - R26_Java726_SR5_20130617_1436_B152572
JIT  - r11.b04_20130528_38954ifx1
GC   - R26_Java726_SR5_20130617_1436_B152572_CMPRSS
J9CL - 20130617_152572
BootLoader constants: OS=linux, ARCH=x86_64, WS=gtk, NL=en_US
Command-line arguments:  -clean -nl en_US -configuration /home/obzzidian/Projects/AMMM/.metadata/workspace_oplrun

!ENTRY ilog.odms.ide.opllang 1 0 2015-01-20 13:06:25.847
!MESSAGE concert_wrap.IloInitMT

!ENTRY ilog.odms.ide.opllang.remote 1 0 2015-01-20 13:06:26.022
!MESSAGE Run small in /home/obzzidian/Projects/AMMM/CPLEX/project_ILP
!SESSION 2015-01-20 13:06:48.553 -----------------------------------------------
eclipse.buildId=unknown
java.fullversion=JRE 1.7.0 IBM J9 2.6 Linux amd64-64 Compressed References 20130617_152572 (JIT enabled, AOT enabled)
J9VM - R26_Java726_SR5_20130617_1436_B152572
JIT  - r11.b04_20130528_38954ifx1
GC   - R26_Java726_SR5_20130617_1436_B152572_CMPRSS
J9CL - 20130617_152572
BootLoader constants: OS=linux, ARCH=x86_64, WS=gtk, NL=en_US
Command-line arguments:  -clean -nl en_US -configuration /home/obzzidian/Projects/AMMM/.metadata/workspace_oplrun

!ENTRY ilog.odms.ide.opllang 1 0 2015-01-20 13:06:48.553
!MESSAGE concert_wrap.IloInitMT

!ENTRY ilog.odms.ide.opllang.remote 1 0 2015-01-20 13:06:48.692
!MESSAGE Run small in /home/obzzidian/Projects/AMMM/CPLEX/project_ILP
!SESSION 2015-01-20 13:07:24.525 -----------------------------------------------
eclipse.buildId=unknown
java.fullversion=JRE 1.7.0 IBM J9 2.6 Linux amd64-64 Compressed References 20130617_152572 (JIT enabled, AOT enabled)
J9VM - R26_Java726_SR5_20130617_1436_B152572
JIT  - r11.b04_20130528_38954ifx1
GC   - R26_Java726_SR5_20130617_1436_B152572_CMPRSS
J9CL - 20130617_152572
BootLoader constants: OS=linux, ARCH=x86_64, WS=gtk, NL=en_US
Command-line arguments:  -clean -nl en_US -configuration /home/obzzidian/Projects/AMMM/.metadata/workspace_oplrun

!ENTRY ilog.odms.ide.opllang 1 0 2015-01-20 13:07:24.525
!MESSAGE concert_wrap.IloInitMT

!ENTRY ilog.odms.ide.opllang.remote 1 0 2015-01-20 13:07:24.605
!MESSAGE Run small in /home/obzzidian/Projects/AMMM/CPLEX/project_ILP
!SESSION 2015-01-20 13:10:34.305 -----------------------------------------------
eclipse.buildId=unknown
java.fullversion=JRE 1.7.0 IBM J9 2.6 Linux amd64-64 Compressed References 20130617_152572 (JIT enabled, AOT enabled)
J9VM - R26_Java726_SR5_20130617_1436_B152572
JIT  - r11.b04_20130528_38954ifx1
GC   - R26_Java726_SR5_20130617_1436_B152572_CMPRSS
J9CL - 20130617_152572
BootLoader constants: OS=linux, ARCH=x86_64, WS=gtk, NL=en_US
Command-line arguments:  -clean -nl en_US -configuration /home/obzzidian/Projects/AMMM/.metadata/workspace_oplrun

!ENTRY ilog.odms.ide.opllang 1 0 2015-01-20 13:10:34.306
!MESSAGE concert_wrap.IloInitMT

!ENTRY ilog.odms.ide.opllang.remote 1 0 2015-01-20 13:10:34.440
!MESSAGE Run small in /home/obzzidian/Projects/AMMM/CPLEX/project_ILP
!SESSION 2015-01-20 13:10:51.454 -----------------------------------------------
eclipse.buildId=unknown
java.fullversion=JRE 1.7.0 IBM J9 2.6 Linux amd64-64 Compressed References 20130617_152572 (JIT enabled, AOT enabled)
J9VM - R26_Java726_SR5_20130617_1436_B152572
JIT  - r11.b04_20130528_38954ifx1
GC   - R26_Java726_SR5_20130617_1436_B152572_CMPRSS
J9CL - 20130617_152572
BootLoader constants: OS=linux, ARCH=x86_64, WS=gtk, NL=en_US
Command-line arguments:  -clean -nl en_US -configuration /home/obzzidian/Projects/AMMM/.metadata/workspace_oplrun

!ENTRY ilog.odms.ide.opllang 1 0 2015-01-20 13:10:51.454
!MESSAGE concert_wrap.IloInitMT

!ENTRY ilog.odms.ide.opllang.remote 1 0 2015-01-20 13:10:51.551
!MESSAGE Run small in /home/obzzidian/Projects/AMMM/CPLEX/project_ILP
!SESSION 2015-01-20 13:13:02.252 -----------------------------------------------
eclipse.buildId=unknown
java.fullversion=JRE 1.7.0 IBM J9 2.6 Linux amd64-64 Compressed References 20130617_152572 (JIT enabled, AOT enabled)
J9VM - R26_Java726_SR5_20130617_1436_B152572
JIT  - r11.b04_20130528_38954ifx1
GC   - R26_Java726_SR5_20130617_1436_B152572_CMPRSS
J9CL - 20130617_152572
BootLoader constants: OS=linux, ARCH=x86_64, WS=gtk, NL=en_US
Command-line arguments:  -clean -nl en_US -configuration /home/obzzidian/Projects/AMMM/.metadata/workspace_oplrun

!ENTRY ilog.odms.ide.opllang 1 0 2015-01-20 13:13:02.253
!MESSAGE concert_wrap.IloInitMT

!ENTRY ilog.odms.ide.opllang.remote 1 0 2015-01-20 13:13:02.438
!MESSAGE Run small in /home/obzzidian/Projects/AMMM/CPLEX/project_ILP
!SESSION 2015-01-20 13:13:46.594 -----------------------------------------------
eclipse.buildId=unknown
java.fullversion=JRE 1.7.0 IBM J9 2.6 Linux amd64-64 Compressed References 20130617_152572 (JIT enabled, AOT enabled)
J9VM - R26_Java726_SR5_20130617_1436_B152572
JIT  - r11.b04_20130528_38954ifx1
GC   - R26_Java726_SR5_20130617_1436_B152572_CMPRSS
J9CL - 20130617_152572
BootLoader constants: OS=linux, ARCH=x86_64, WS=gtk, NL=en_US
Command-line arguments:  -clean -nl en_US -configuration /home/obzzidian/Projects/AMMM/.metadata/workspace_oplrun

!ENTRY ilog.odms.ide.opllang 1 0 2015-01-20 13:13:46.594
!MESSAGE concert_wrap.IloInitMT

!ENTRY ilog.odms.ide.opllang.remote 1 0 2015-01-20 13:13:46.665
!MESSAGE Run small in /home/obzzidian/Projects/AMMM/CPLEX/project_ILP
